<?xml version="1.0" encoding="UTF-8"?>
<coverage generated="1665168672059" clover="3.2.0">
  <project timestamp="1665168672059" name="All files">
    <metrics statements="10" coveredstatements="7" conditionals="1" coveredconditionals="1" methods="2" coveredmethods="1" elements="13" coveredelements="9" complexity="0" loc="10" ncloc="10" packages="1" files="1" classes="1"/>
    <file name="Dashboard.tsx" path="/private/tmp/WeatherWeb/src/components/dashboard/Dashboard.tsx">
      <metrics statements="10" coveredstatements="7" conditionals="1" coveredconditionals="1" methods="2" coveredmethods="1"/>
      <line num="1" count="1" type="cond" truecount="1" falsecount="0"/>
      <line num="2" count="2" type="stmt"/>
      <line num="3" count="0" type="stmt"/>
      <line num="4" count="0" type="stmt"/>
      <line num="5" count="0" type="stmt"/>
      <line num="6" count="2" type="stmt"/>
      <line num="7" count="2" type="stmt"/>
      <line num="8" count="2" type="stmt"/>
      <line num="9" count="1" type="stmt"/>
      <line num="10" count="1" type="stmt"/>
    </file>
  </project>
</coverage>
