{"/private/tmp/WeatherWeb/src/components/dashboard/Dashboard.tsx": {"path":"/private/tmp/WeatherWeb/src/components/dashboard/Dashboard.tsx","all":false,"statementMap":{"0":{"start":{"line":1,"column":0},"end":{"line":1,"column":25}},"1":{"start":{"line":2,"column":0},"end":{"line":2,"column":31}},"2":{"start":{"line":3,"column":0},"end":{"line":3,"column":30}},"3":{"start":{"line":4,"column":0},"end":{"line":4,"column":8}},"4":{"start":{"line":5,"column":0},"end":{"line":5,"column":6}},"5":{"start":{"line":6,"column":0},"end":{"line":6,"column":0}},"6":{"start":{"line":7,"column":0},"end":{"line":7,"column":31}},"7":{"start":{"line":8,"column":0},"end":{"line":8,"column":2}},"8":{"start":{"line":9,"column":0},"end":{"line":9,"column":0}},"9":{"start":{"line":10,"column":0},"end":{"line":10,"column":25}}},"s":{"0":1,"1":2,"2":0,"3":0,"4":0,"5":2,"6":2,"7":2,"8":1,"9":1},"branchMap":{"0":{"type":"branch","line":1,"loc":{"start":{"line":1,"column":18},"end":{"line":8,"column":2}},"locations":[{"start":{"line":1,"column":18},"end":{"line":8,"column":2}}]}},"b":{"0":[2]},"fnMap":{"0":{"name":"Dashboard","decl":{"start":{"line":1,"column":18},"end":{"line":8,"column":2}},"loc":{"start":{"line":1,"column":18},"end":{"line":8,"column":2}},"line":1},"1":{"name":"getHintData","decl":{"start":{"line":2,"column":24},"end":{"line":5,"column":6}},"loc":{"start":{"line":2,"column":24},"end":{"line":5,"column":6}},"line":2}},"f":{"0":2,"1":0}}
}
